#
# There is insufficient memory for the Java Runtime Environment to continue.
# Native memory allocation (malloc) failed to allocate 74448896 bytes for committing reserved memory.
# Possible reasons:
#   The system is out of physical RAM or swap space
#   In 32 bit mode, the process size limit was hit
# Possible solutions:
#   Reduce memory load on the system
#   Increase physical memory or swap space
#   Check if swap backing store is full
#   Use 64 bit Java on a 64 bit OS
#   Decrease Java heap size (-Xmx/-Xms)
#   Decrease number of Java threads
#   Decrease Java thread stack sizes (-Xss)
#   Set larger code cache with -XX:ReservedCodeCacheSize=
# This output file may be truncated or incomplete.
#
#  Out of Memory Error (os_linux.cpp:2756), pid=3801, tid=140707690964736
#
# JRE version: Java(TM) SE Runtime Environment (7.0_79-b15) (build 1.7.0_79-b15)
# Java VM: Java HotSpot(TM) 64-Bit Server VM (24.79-b02 mixed mode linux-amd64 compressed oops)
# Failed to write core dump. Core dumps have been disabled. To enable core dumping, try "ulimit -c unlimited" before starting Java again
#

---------------  T H R E A D  ---------------

Current thread (0x00007ff91c06a000):  VMThread [stack: 0x00007ff90fdfe000,0x00007ff90feff000] [id=3821]

Stack: [0x00007ff90fdfe000,0x00007ff90feff000],  sp=0x00007ff90fefd0c0,  free space=1020k
Native frames: (J=compiled Java code, j=interpreted, Vv=VM code, C=native code)
V  [libjvm.so+0x9a32da]  VMError::report_and_die()+0x2ea
V  [libjvm.so+0x497f7b]  report_vm_out_of_memory(char const*, int, unsigned long, char const*)+0x9b
V  [libjvm.so+0x81fcce]  os::Linux::commit_memory_impl(char*, unsigned long, bool)+0xfe
V  [libjvm.so+0x820219]  os::pd_commit_memory(char*, unsigned long, unsigned long, bool)+0x29
V  [libjvm.so+0x819faa]  os::commit_memory(char*, unsigned long, unsigned long, bool)+0x2a
V  [libjvm.so+0x88d863]  PSVirtualSpace::expand_by(unsigned long)+0x53
V  [libjvm.so+0x88ec38]  PSYoungGen::resize_generation(unsigned long, unsigned long)+0xf8
V  [libjvm.so+0x88dda2]  PSYoungGen::resize(unsigned long, unsigned long)+0x22
V  [libjvm.so+0x88b15d]  PSScavenge::invoke_no_policy()+0xf3d
V  [libjvm.so+0x88b9a1]  PSScavenge::invoke()+0x41
V  [libjvm.so+0x842320]  ParallelScavengeHeap::failed_mem_allocate(unsigned long)+0x70
V  [libjvm.so+0x9a4b67]  VM_ParallelGCFailedAllocation::doit()+0x97
V  [libjvm.so+0x9ac005]  VM_Operation::evaluate()+0x55
V  [libjvm.so+0x9aa3ca]  VMThread::evaluate_operation(VM_Operation*)+0xba
V  [libjvm.so+0x9aa74e]  VMThread::loop()+0x1ce
V  [libjvm.so+0x9aabc0]  VMThread::run()+0x70
V  [libjvm.so+0x821ca8]  java_start(Thread*)+0x108

VM_Operation (0x00007ff90dcf6d90): ParallelGCFailedAllocation, mode: safepoint, requested by thread 0x00007ff8dc00c000


---------------  P R O C E S S  ---------------

Java Threads: ( => current thread )
  0x00007ff8dc00c000 JavaThread "Daemon worker" [_thread_blocked, id=3835, stack(0x00007ff90dbfb000,0x00007ff90dcfc000)]
  0x00007ff8dc014000 JavaThread "Cancel handler" [_thread_blocked, id=3834, stack(0x00007ff90dcfc000,0x00007ff90ddfd000)]
  0x00007ff8dc005000 JavaThread "Handler for socket connection from /127.0.0.1:41315 to /127.0.0.1:40741" [_thread_in_native, id=3833, stack(0x00007ff90ddfd000,0x00007ff90defe000)]
  0x00007ff8d8026000 JavaThread "Daemon" [_thread_blocked, id=3832, stack(0x00007ff90defe000,0x00007ff90dfff000)]
  0x00007ff91c74d800 JavaThread "Incoming local TCP Connector on port 41315" [_thread_in_native, id=3831, stack(0x00007ff90dfff000,0x00007ff90e100000)]
  0x00007ff91c0a1000 JavaThread "Service Thread" daemon [_thread_blocked, id=3829, stack(0x00007ff90f116000,0x00007ff90f217000)]
  0x00007ff91c09e800 JavaThread "C2 CompilerThread1" daemon [_thread_blocked, id=3828, stack(0x00007ff90f217000,0x00007ff90f318000)]
  0x00007ff91c09b800 JavaThread "C2 CompilerThread0" daemon [_thread_blocked, id=3826, stack(0x00007ff90f318000,0x00007ff90f419000)]
  0x00007ff91c099800 JavaThread "Signal Dispatcher" daemon [_thread_blocked, id=3824, stack(0x00007ff90f419000,0x00007ff90f51a000)]
  0x00007ff91c070000 JavaThread "Finalizer" daemon [_thread_blocked, id=3823, stack(0x00007ff90fbfc000,0x00007ff90fcfd000)]
  0x00007ff91c06e000 JavaThread "Reference Handler" daemon [_thread_blocked, id=3822, stack(0x00007ff90fcfd000,0x00007ff90fdfe000)]
  0x00007ff91c00a000 JavaThread "main" [_thread_blocked, id=3808, stack(0x00007ff922234000,0x00007ff922335000)]

Other Threads:
=>0x00007ff91c06a000 VMThread [stack: 0x00007ff90fdfe000,0x00007ff90feff000] [id=3821]
  0x00007ff91c0ac000 WatcherThread [stack: 0x00007ff90f015000,0x00007ff90f116000] [id=3830]

VM state:at safepoint (normal execution)

VM Mutex/Monitor currently owned by a thread:  ([mutex/lock_event])
[0x00007ff91c0064c0] Threads_lock - owner thread: 0x00007ff91c06a000
[0x00007ff91c0069c0] Heap_lock - owner thread: 0x00007ff8dc00c000

Heap
 PSYoungGen      total 69632K, used 5108K [0x00000000eaa80000, 0x00000000ef380000, 0x0000000100000000)
  eden space 64512K, 0% used [0x00000000eaa80000,0x00000000eaa80000,0x00000000ee980000)
  from space 5120K, 99% used [0x00000000ee980000,0x00000000eee7d0f0,0x00000000eee80000)
  to   space 5120K, 0% used [0x00000000eee80000,0x00000000eee80000,0x00000000ef380000)
 ParOldGen       total 83968K, used 7703K [0x00000000c0000000, 0x00000000c5200000, 0x00000000eaa80000)
  object space 83968K, 9% used [0x00000000c0000000,0x00000000c0785de8,0x00000000c5200000)
 PSPermGen       total 21504K, used 19913K [0x00000000b0000000, 0x00000000b1500000, 0x00000000c0000000)
  object space 21504K, 92% used [0x00000000b0000000,0x00000000b13725e8,0x00000000b1500000)

Card table byte_map: [0x00007ff9180fd000,0x00007ff91837e000] byte_map_base: 0x00007ff917b7d000

Polling page: 0x00007ff922359000

Code Cache  [0x00007ff91837e000, 0x00007ff9185ee000, 0x00007ff91b37e000)
 total_blobs=520 nmethods=207 adapters=266 free_code_cache=48322Kb largest_free_block=49384128

Compilation events (10 events):
Event: 74.274 Thread 0x00007ff91c09b800 nmethod 210 0x00007ff918464d10 code [0x00007ff918464e80, 0x00007ff918465258]
Event: 74.274 Thread 0x00007ff91c09b800  212             org.codehaus.groovy.ast.ClassNode::redirect (17 bytes)
Event: 74.274 Thread 0x00007ff91c09b800 nmethod 212 0x00007ff91845d190 code [0x00007ff91845d2c0, 0x00007ff91845d338]
Event: 74.276 Thread 0x00007ff91c09e800 nmethod 211 0x00007ff9183f2390 code [0x00007ff9183f24e0, 0x00007ff9183f26b8]
Event: 74.278 Thread 0x00007ff91c09b800  213             java.net.URLClassLoader::access$000 (5 bytes)
Event: 74.279 Thread 0x00007ff91c09b800 nmethod 213 0x00007ff91845cf90 code [0x00007ff91845d0c0, 0x00007ff91845d118]
Event: 74.285 Thread 0x00007ff91c09b800  214   !         java.net.URLClassLoader::findClass (29 bytes)
Event: 74.287 Thread 0x00007ff91c09b800 nmethod 214 0x00007ff91845fa50 code [0x00007ff91845fbc0, 0x00007ff91845fd28]
Event: 74.620 Thread 0x00007ff91c09b800  217             java.util.HashMap$HashIterator::hasNext (13 bytes)
Event: 74.627 Thread 0x00007ff91c09e800  216             java.util.LinkedHashMap$Entry::<init> (10 bytes)

GC Heap History (9 events):
Event: 1.874 GC heap before
{Heap before GC invocations=1 (full 0):
 PSYoungGen      total 37376K, used 32256K [0x00000000eaa80000, 0x00000000ed400000, 0x0000000100000000)
  eden space 32256K, 100% used [0x00000000eaa80000,0x00000000eca00000,0x00000000eca00000)
  from space 5120K, 0% used [0x00000000ecf00000,0x00000000ecf00000,0x00000000ed400000)
  to   space 5120K, 0% used [0x00000000eca00000,0x00000000eca00000,0x00000000ecf00000)
 ParOldGen       total 83968K, used 0K [0x00000000c0000000, 0x00000000c5200000, 0x00000000eaa80000)
  object space 83968K, 0% used [0x00000000c0000000,0x00000000c0000000,0x00000000c5200000)
 PSPermGen       total 21504K, used 6822K [0x00000000b0000000, 0x00000000b1500000, 0x00000000c0000000)
  object space 21504K, 31% used [0x00000000b0000000,0x00000000b06a9a88,0x00000000b1500000)
Event: 1.890 GC heap after
Heap after GC invocations=1 (full 0):
 PSYoungGen      total 37376K, used 4353K [0x00000000eaa80000, 0x00000000ed400000, 0x0000000100000000)
  eden space 32256K, 0% used [0x00000000eaa80000,0x00000000eaa80000,0x00000000eca00000)
  from space 5120K, 85% used [0x00000000eca00000,0x00000000ece40680,0x00000000ecf00000)
  to   space 5120K, 0% used [0x00000000ecf00000,0x00000000ecf00000,0x00000000ed400000)
 ParOldGen       total 83968K, used 8K [0x00000000c0000000, 0x00000000c5200000, 0x00000000eaa80000)
  object space 83968K, 0% used [0x00000000c0000000,0x00000000c0002000,0x00000000c5200000)
 PSPermGen       total 21504K, used 6822K [0x00000000b0000000, 0x00000000b1500000, 0x00000000c0000000)
  object space 21504K, 31% used [0x00000000b0000000,0x00000000b06a9a88,0x00000000b1500000)
}
Event: 3.626 GC heap before
{Heap before GC invocations=2 (full 0):
 PSYoungGen      total 37376K, used 36609K [0x00000000eaa80000, 0x00000000ed400000, 0x0000000100000000)
  eden space 32256K, 100% used [0x00000000eaa80000,0x00000000eca00000,0x00000000eca00000)
  from space 5120K, 85% used [0x00000000eca00000,0x00000000ece40680,0x00000000ecf00000)
  to   space 5120K, 0% used [0x00000000ecf00000,0x00000000ecf00000,0x00000000ed400000)
 ParOldGen       total 83968K, used 8K [0x00000000c0000000, 0x00000000c5200000, 0x00000000eaa80000)
  object space 83968K, 0% used [0x00000000c0000000,0x00000000c0002000,0x00000000c5200000)
 PSPermGen       total 21504K, used 14288K [0x00000000b0000000, 0x00000000b1500000, 0x00000000c0000000)
  object space 21504K, 66% used [0x00000000b0000000,0x00000000b0df4270,0x00000000b1500000)
Event: 3.673 GC heap after
Heap after GC invocations=2 (full 0):
 PSYoungGen      total 37376K, used 5115K [0x00000000eaa80000, 0x00000000ef380000, 0x0000000100000000)
  eden space 32256K, 0% used [0x00000000eaa80000,0x00000000eaa80000,0x00000000eca00000)
  from space 5120K, 99% used [0x00000000ecf00000,0x00000000ed3fee70,0x00000000ed400000)
  to   space 5120K, 0% used [0x00000000eca00000,0x00000000eca00000,0x00000000ecf00000)
 ParOldGen       total 83968K, used 2327K [0x00000000c0000000, 0x00000000c5200000, 0x00000000eaa80000)
  object space 83968K, 2% used [0x00000000c0000000,0x00000000c0245db8,0x00000000c5200000)
 PSPermGen       total 21504K, used 14288K [0x00000000b0000000, 0x00000000b1500000, 0x00000000c0000000)
  object space 21504K, 66% used [0x00000000b0000000,0x00000000b0df4270,0x00000000b1500000)
}
Event: 5.094 GC heap before
{Heap before GC invocations=3 (full 0):
 PSYoungGen      total 37376K, used 37371K [0x00000000eaa80000, 0x00000000ef380000, 0x0000000100000000)
  eden space 32256K, 100% used [0x00000000eaa80000,0x00000000eca00000,0x00000000eca00000)
  from space 5120K, 99% used [0x00000000ecf00000,0x00000000ed3fee70,0x00000000ed400000)
  to   space 5120K, 0% used [0x00000000eca00000,0x00000000eca00000,0x00000000ecf00000)
 ParOldGen       total 83968K, used 2327K [0x00000000c0000000, 0x00000000c5200000, 0x00000000eaa80000)
  object space 83968K, 2% used [0x00000000c0000000,0x00000000c0245db8,0x00000000c5200000)
 PSPermGen       total 21504K, used 18043K [0x00000000b0000000, 0x00000000b1500000, 0x00000000c0000000)
  object space 21504K, 83% used [0x00000000b0000000,0x00000000b119ec68,0x00000000b1500000)
Event: 5.116 GC heap after
Heap after GC invocations=3 (full 0):
 PSYoungGen      total 37376K, used 5092K [0x00000000eaa80000, 0x00000000ef380000, 0x0000000100000000)
  eden space 32256K, 0% used [0x00000000eaa80000,0x00000000eaa80000,0x00000000eca00000)
  from space 5120K, 99% used [0x00000000eca00000,0x00000000ecef92b8,0x00000000ecf00000)
  to   space 5120K, 0% used [0x00000000eee80000,0x00000000eee80000,0x00000000ef380000)
 ParOldGen       total 83968K, used 5438K [0x00000000c0000000, 0x00000000c5200000, 0x00000000eaa80000)
  object space 83968K, 6% used [0x00000000c0000000,0x00000000c054f8c0,0x00000000c5200000)
 PSPermGen       total 21504K, used 18043K [0x00000000b0000000, 0x00000000b1500000, 0x00000000c0000000)
  object space 21504K, 83% used [0x00000000b0000000,0x00000000b119ec68,0x00000000b1500000)
}
Event: 74.128 GC heap before
{Heap before GC invocations=4 (full 0):
 PSYoungGen      total 37376K, used 37348K [0x00000000eaa80000, 0x00000000ef380000, 0x0000000100000000)
  eden space 32256K, 100% used [0x00000000eaa80000,0x00000000eca00000,0x00000000eca00000)
  from space 5120K, 99% used [0x00000000eca00000,0x00000000ecef92b8,0x00000000ecf00000)
  to   space 5120K, 0% used [0x00000000eee80000,0x00000000eee80000,0x00000000ef380000)
 ParOldGen       total 83968K, used 5438K [0x00000000c0000000, 0x00000000c5200000, 0x00000000eaa80000)
  object space 83968K, 6% used [0x00000000c0000000,0x00000000c054f8c0,0x00000000c5200000)
 PSPermGen       total 21504K, used 19904K [0x00000000b0000000, 0x00000000b1500000, 0x00000000c0000000)
  object space 21504K, 92% used [0x00000000b0000000,0x00000000b1370150,0x00000000b1500000)
Event: 74.186 GC heap after
Heap after GC invocations=4 (full 0):
 PSYoungGen      total 69632K, used 5092K [0x00000000eaa80000, 0x00000000ef380000, 0x0000000100000000)
  eden space 64512K, 0% used [0x00000000eaa80000,0x00000000eaa80000,0x00000000ee980000)
  from space 5120K, 99% used [0x00000000eee80000,0x00000000ef379250,0x00000000ef380000)
  to   space 5120K, 0% used [0x00000000ee980000,0x00000000ee980000,0x00000000eee80000)
 ParOldGen       total 83968K, used 7407K [0x00000000c0000000, 0x00000000c5200000, 0x00000000eaa80000)
  object space 83968K, 8% used [0x00000000c0000000,0x00000000c073bc68,0x00000000c5200000)
 PSPermGen       total 21504K, used 19904K [0x00000000b0000000, 0x00000000b1500000, 0x00000000c0000000)
  object space 21504K, 92% used [0x00000000b0000000,0x00000000b1370150,0x00000000b1500000)
}
Event: 75.401 GC heap before
{Heap before GC invocations=5 (full 0):
 PSYoungGen      total 69632K, used 69604K [0x00000000eaa80000, 0x00000000ef380000, 0x0000000100000000)
  eden space 64512K, 100% used [0x00000000eaa80000,0x00000000ee980000,0x00000000ee980000)
  from space 5120K, 99% used [0x00000000eee80000,0x00000000ef379250,0x00000000ef380000)
  to   space 5120K, 0% used [0x00000000ee980000,0x00000000ee980000,0x00000000eee80000)
 ParOldGen       total 83968K, used 7407K [0x00000000c0000000, 0x00000000c5200000, 0x00000000eaa80000)
  object space 83968K, 8% used [0x00000000c0000000,0x00000000c073bc68,0x00000000c5200000)
 PSPermGen       total 21504K, used 19913K [0x00000000b0000000, 0x00000000b1500000, 0x00000000c0000000)
  object space 21504K, 92% used [0x00000000b0000000,0x00000000b13725e8,0x00000000b1500000)

Deoptimization events (10 events):
Event: 3.898 Thread 0x00007ff8dc00c000 Uncommon trap: reason=class_check action=maybe_recompile pc=0x00007ff9183ec3a4 method=java.util.regex.Matcher.match(II)Z @ 86
Event: 3.899 Thread 0x00007ff8dc00c000 Uncommon trap: reason=class_check action=maybe_recompile pc=0x00007ff9183ec3a4 method=java.util.regex.Matcher.match(II)Z @ 86
Event: 4.923 Thread 0x00007ff8dc00c000 Uncommon trap: reason=unreached action=reinterpret pc=0x00007ff9183f1008 method=java.lang.AbstractStringBuilder.append(Ljava/lang/String;)Ljava/lang/AbstractStringBuilder; @ 1
Event: 4.923 Thread 0x00007ff8dc00c000 Uncommon trap: reason=unreached action=reinterpret pc=0x00007ff9183f1908 method=java.lang.AbstractStringBuilder.append(Ljava/lang/String;)Ljava/lang/AbstractStringBuilder; @ 1
Event: 5.090 Thread 0x00007ff8dc00c000 Uncommon trap: reason=class_check action=maybe_recompile pc=0x00007ff91843a94c method=org.codehaus.groovy.util.ManagedReference.get()Ljava/lang/Object; @ 4
Event: 5.090 Thread 0x00007ff8dc00c000 Uncommon trap: reason=class_check action=maybe_recompile pc=0x00007ff91843a94c method=org.codehaus.groovy.util.ManagedReference.get()Ljava/lang/Object; @ 4
Event: 5.090 Thread 0x00007ff8dc00c000 Uncommon trap: reason=class_check action=maybe_recompile pc=0x00007ff91843a94c method=org.codehaus.groovy.util.ManagedReference.get()Ljava/lang/Object; @ 4
Event: 5.090 Thread 0x00007ff8dc00c000 Uncommon trap: reason=class_check action=maybe_recompile pc=0x00007ff91843a94c method=org.codehaus.groovy.util.ManagedReference.get()Ljava/lang/Object; @ 4
Event: 72.352 Thread 0x00007ff8dc00c000 Uncommon trap: reason=unreached action=reinterpret pc=0x00007ff918429e18 method=java.lang.reflect.Method.equals(Ljava/lang/Object;)Z @ 49
Event: 72.390 Thread 0x00007ff8dc00c000 Uncommon trap: reason=unreached action=reinterpret pc=0x00007ff918428580 method=java.lang.reflect.Method.equals(Ljava/lang/Object;)Z @ 49

Internal exceptions (10 events):
Event: 75.121 Thread 0x00007ff8dc00c000 Threw 0x00000000ee954c08 at /HUDSON/workspace/7u-2-build-linux-amd64/jdk7u79/2331/hotspot/src/share/vm/prims/jvm.cpp:1304
Event: 75.121 Thread 0x00007ff8dc00c000 Threw 0x00000000ee955c58 at /HUDSON/workspace/7u-2-build-linux-amd64/jdk7u79/2331/hotspot/src/share/vm/prims/jvm.cpp:1304
Event: 75.121 Thread 0x00007ff8dc00c000 Threw 0x00000000ee956a68 at /HUDSON/workspace/7u-2-build-linux-amd64/jdk7u79/2331/hotspot/src/share/vm/prims/jvm.cpp:1304
Event: 75.121 Thread 0x00007ff8dc00c000 Threw 0x00000000ee95d600 at /HUDSON/workspace/7u-2-build-linux-amd64/jdk7u79/2331/hotspot/src/share/vm/prims/jvm.cpp:1304
Event: 75.121 Thread 0x00007ff8dc00c000 Threw 0x00000000ee96f2b8 at /HUDSON/workspace/7u-2-build-linux-amd64/jdk7u79/2331/hotspot/src/share/vm/prims/jvm.cpp:1304
Event: 75.121 Thread 0x00007ff8dc00c000 Threw 0x00000000ee970438 at /HUDSON/workspace/7u-2-build-linux-amd64/jdk7u79/2331/hotspot/src/share/vm/prims/jvm.cpp:1304
Event: 75.121 Thread 0x00007ff8dc00c000 Threw 0x00000000ee972e70 at /HUDSON/workspace/7u-2-build-linux-amd64/jdk7u79/2331/hotspot/src/share/vm/prims/jvm.cpp:1304
Event: 75.121 Thread 0x00007ff8dc00c000 Threw 0x00000000ee973ec0 at /HUDSON/workspace/7u-2-build-linux-amd64/jdk7u79/2331/hotspot/src/share/vm/prims/jvm.cpp:1304
Event: 75.121 Thread 0x00007ff8dc00c000 Threw 0x00000000ee974cd0 at /HUDSON/workspace/7u-2-build-linux-amd64/jdk7u79/2331/hotspot/src/share/vm/prims/jvm.cpp:1304
Event: 75.121 Thread 0x00007ff8dc00c000 Threw 0x00000000ee97b868 at /HUDSON/workspace/7u-2-build-linux-amd64/jdk7u79/2331/hotspot/src/share/vm/prims/jvm.cpp:1304

Events (10 events):
Event: 75.120 loading class 0x00007ff8c8350da0 done
Event: 75.121 loading class 0x00007ff8c8350e00
Event: 75.121 loading class 0x00007ff8c8350e00 done
Event: 75.121 loading class 0x00007ff8c8350e00
Event: 75.121 loading class 0x00007ff8c8350e00 done
Event: 75.121 loading class 0x00007ff8c8350e60
Event: 75.121 loading class 0x00007ff8c8350e60 done
Event: 75.121 loading class 0x00007ff8c8350e60
Event: 75.121 loading class 0x00007ff8c8350e60 done
Event: 75.236 Executing VM operation: ParallelGCFailedAllocation


Dynamic libraries:
00400000-00401000 r-xp 00000000 08:02 22422371                           /usr/lib/jvm/jdk1.7.0_79/bin/java
00600000-00601000 rw-p 00000000 08:02 22422371                           /usr/lib/jvm/jdk1.7.0_79/bin/java
01188000-011a9000 rw-p 00000000 00:00 0                                  [heap]
b0000000-b1500000 rw-p 00000000 00:00 0 
b1500000-c0000000 rw-p 00000000 00:00 0 
c0000000-c5200000 rw-p 00000000 00:00 0 
c5200000-eaa80000 rw-p 00000000 00:00 0 
eaa80000-ef380000 rw-p 00000000 00:00 0 
f3a80000-100000000 rw-p 00000000 00:00 0 
7ff8c0000000-7ff8c0021000 rw-p 00000000 00:00 0 
7ff8c0021000-7ff8c4000000 ---p 00000000 00:00 0 
7ff8c8000000-7ff8c847d000 rw-p 00000000 00:00 0 
7ff8c847d000-7ff8cc000000 ---p 00000000 00:00 0 
7ff8cc000000-7ff8cc021000 rw-p 00000000 00:00 0 
7ff8cc021000-7ff8d0000000 ---p 00000000 00:00 0 
7ff8d0000000-7ff8d0021000 rw-p 00000000 00:00 0 
7ff8d0021000-7ff8d4000000 ---p 00000000 00:00 0 
7ff8d4000000-7ff8d4021000 rw-p 00000000 00:00 0 
7ff8d4021000-7ff8d8000000 ---p 00000000 00:00 0 
7ff8d8000000-7ff8d802a000 rw-p 00000000 00:00 0 
7ff8d802a000-7ff8dc000000 ---p 00000000 00:00 0 
7ff8dc000000-7ff8dc021000 rw-p 00000000 00:00 0 
7ff8dc021000-7ff8e0000000 ---p 00000000 00:00 0 
7ff8e0000000-7ff8e0021000 rw-p 00000000 00:00 0 
7ff8e0021000-7ff8e4000000 ---p 00000000 00:00 0 
7ff8e4000000-7ff8e4021000 rw-p 00000000 00:00 0 
7ff8e4021000-7ff8e8000000 ---p 00000000 00:00 0 
7ff8e8000000-7ff8e84f8000 rw-p 00000000 00:00 0 
7ff8e84f8000-7ff8ec000000 ---p 00000000 00:00 0 
7ff8ec000000-7ff8ec564000 rw-p 00000000 00:00 0 
7ff8ec564000-7ff8f0000000 ---p 00000000 00:00 0 
7ff8f0000000-7ff8f0021000 rw-p 00000000 00:00 0 
7ff8f0021000-7ff8f4000000 ---p 00000000 00:00 0 
7ff8f4000000-7ff8f4021000 rw-p 00000000 00:00 0 
7ff8f4021000-7ff8f8000000 ---p 00000000 00:00 0 
7ff8f8000000-7ff8f824f000 rw-p 00000000 00:00 0 
7ff8f824f000-7ff8fc000000 ---p 00000000 00:00 0 
7ff8fc000000-7ff8fc021000 rw-p 00000000 00:00 0 
7ff8fc021000-7ff900000000 ---p 00000000 00:00 0 
7ff900000000-7ff900021000 rw-p 00000000 00:00 0 
7ff900021000-7ff904000000 ---p 00000000 00:00 0 
7ff904000000-7ff904021000 rw-p 00000000 00:00 0 
7ff904021000-7ff908000000 ---p 00000000 00:00 0 
7ff908000000-7ff908021000 rw-p 00000000 00:00 0 
7ff908021000-7ff90c000000 ---p 00000000 00:00 0 
7ff90da57000-7ff90da5a000 ---p 00000000 00:00 0 
7ff90da5a000-7ff90da90000 rw-p 00000000 00:00 0 
7ff90da90000-7ff90dafa000 r--s 00e23000 08:02 22288525                   /usr/lib/jvm/jdk1.7.0_79/lib/tools.jar
7ff90dafa000-7ff90dafd000 ---p 00000000 00:00 0 
7ff90dafd000-7ff90dbfb000 rw-p 00000000 00:00 0 
7ff90dbfb000-7ff90dbfe000 ---p 00000000 00:00 0 
7ff90dbfe000-7ff90dcfc000 rw-p 00000000 00:00 0                          [stack:3835]
7ff90dcfc000-7ff90dcff000 ---p 00000000 00:00 0 
7ff90dcff000-7ff90ddfd000 rw-p 00000000 00:00 0                          [stack:3834]
7ff90ddfd000-7ff90de00000 ---p 00000000 00:00 0 
7ff90de00000-7ff90defe000 rw-p 00000000 00:00 0                          [stack:3833]
7ff90defe000-7ff90df01000 ---p 00000000 00:00 0 
7ff90df01000-7ff90dfff000 rw-p 00000000 00:00 0                          [stack:3832]
7ff90dfff000-7ff90e002000 ---p 00000000 00:00 0 
7ff90e002000-7ff90e100000 rw-p 00000000 00:00 0                          [stack:3831]
7ff90e100000-7ff90e101000 r--s 00002000 00:1d 18482900                   /home/tim/android-studio/gradle/gradle-2.4/lib/plugins/gradle-tooling-api-builders-2.4.jar
7ff90e11d000-7ff90e11e000 rw-p 00000000 00:00 0 
7ff90e11e000-7ff90e11f000 r--p 00000000 08:02 21630256                   /usr/share/locale-langpack/en_GB/LC_MESSAGES/libc.mo
7ff90e11f000-7ff90e120000 r--p 00000000 00:00 0 
7ff90e120000-7ff90e127000 r--s 00000000 08:02 20317277                   /usr/lib/x86_64-linux-gnu/gconv/gconv-modules.cache
7ff90e127000-7ff90e12b000 r--s 0008b000 08:02 22157458                   /usr/lib/jvm/jdk1.7.0_79/jre/lib/jsse.jar
7ff90e12b000-7ff90e13a000 r--s 00081000 00:1d 18482827                   /home/tim/android-studio/gradle/gradle-2.4/lib/plugins/joda-time-2.7.jar
7ff90e13a000-7ff90e14b000 r--s 000cf000 00:1d 18482880                   /home/tim/android-studio/gradle/gradle-2.4/lib/plugins/jackson-databind-2.3.2.jar
7ff90e14b000-7ff90e14d000 r--s 00007000 00:1d 18482903                   /home/tim/android-studio/gradle/gradle-2.4/lib/plugins/jackson-annotations-2.3.2.jar
7ff90e14d000-7ff90e150000 r--s 0002e000 00:1d 18482859                   /home/tim/android-studio/gradle/gradle-2.4/lib/plugins/jackson-core-2.3.2.jar
7ff90e150000-7ff90e15b000 r--s 0006b000 00:1d 18482929                   /home/tim/android-studio/gradle/gradle-2.4/lib/plugins/aws-java-sdk-core-1.9.19.jar
7ff90e15b000-7ff90e161000 r--s 00036000 00:1d 18482901                   /home/tim/android-studio/gradle/gradle-2.4/lib/plugins/aws-java-sdk-kms-1.9.19.jar
7ff90e161000-7ff90e16c000 r--s 00079000 00:1d 18482811                   /home/tim/android-studio/gradle/gradle-2.4/lib/plugins/aws-java-sdk-s3-1.9.19.jar
7ff90e16c000-7ff90e16d000 r--s 00003000 00:1d 18482807                   /home/tim/android-studio/gradle/gradle-2.4/lib/plugins/gradle-resources-s3-2.4.jar
7ff90e16d000-7ff90e16f000 r--s 00003000 00:1d 18482830                   /home/tim/android-studio/gradle/gradle-2.4/lib/plugins/gradle-resources-sftp-2.4.jar
7ff90e16f000-7ff90e170000 r--s 00001000 00:1d 18482894                   /home/tim/android-studio/gradle/gradle-2.4/lib/plugins/gradle-plugin-development-2.4.jar
7ff90e170000-7ff90e171000 r--s 00005000 00:1d 18482844                   /home/tim/android-studio/gradle/gradle-2.4/lib/plugins/gradle-testing-native-2.4.jar
7ff90e171000-7ff90e176000 r--s 00036000 00:1d 18482810                   /home/tim/android-studio/gradle/gradle-2.4/lib/plugins/gradle-ide-native-2.4.jar
7ff90e176000-7ff90e17b000 r--s 0001a000 00:1d 18482893                   /home/tim/android-studio/gradle/gradle-2.4/lib/plugins/gradle-language-native-2.4.jar
7ff90e17b000-7ff90e180000 r--s 00022000 00:1d 18482889                   /home/tim/android-studio/gradle/gradle-2.4/lib/plugins/gradle-platform-play-2.4.jar
7ff90e180000-7ff90e18d000 r--s 00057000 00:1d 18482828                   /home/tim/android-studio/gradle/gradle-2.4/lib/plugins/gradle-platform-native-2.4.jar
7ff90e18d000-7ff90e190000 r--s 00008000 00:1d 18482834                   /home/tim/android-studio/gradle/gradle-2.4/lib/plugins/gradle-language-scala-2.4.jar
7ff90e190000-7ff90e192000 r--s 00009000 00:1d 18482902                   /home/tim/android-studio/gradle/gradle-2.4/lib/plugins/gradle-language-groovy-2.4.jar
7ff90e192000-7ff90e198000 r--s 00023000 00:1d 18482824                   /home/tim/android-studio/gradle/gradle-2.4/lib/plugins/gradle-language-java-2.4.jar
7ff90e198000-7ff90e19a000 r--s 00008000 00:1d 18482881                   /home/tim/android-studio/gradle/gradle-2.4/lib/plugins/gradle-language-jvm-2.4.jar
7ff90e19a000-7ff90e19c000 r--s 00009000 00:1d 18482860                   /home/tim/android-studio/gradle/gradle-2.4/lib/plugins/gradle-platform-jvm-2.4.jar
7ff90e19c000-7ff90e1a3000 r--s 00020000 00:1d 18482851                   /home/tim/android-studio/gradle/gradle-2.4/lib/plugins/gradle-platform-base-2.4.jar
7ff90e1a3000-7ff90e1a7000 r--s 00025000 00:1d 18482919                   /home/tim/android-studio/gradle/gradle-2.4/lib/plugins/gradle-build-init-2.4.jar
7ff90e1a7000-7ff90e1aa000 r--s 0001c000 00:1d 18482930                   /home/tim/android-studio/gradle/gradle-2.4/lib/plugins/gradle-jacoco-2.4.jar
7ff90e1aa000-7ff90e1ad000 r--s 0000e000 00:1d 18482852                   /home/tim/android-studio/gradle/gradle-2.4/lib/plugins/gradle-ivy-2.4.jar
7ff90e1ad000-7ff90e1af000 r--s 00002000 00:1d 18482845                   /home/tim/android-studio/gradle/gradle-2.4/lib/plugins/gradle-publish-2.4.jar
7ff90e1af000-7ff90e1b1000 r--s 00005000 00:1d 18482864                   /home/tim/android-studio/gradle/gradle-2.4/lib/plugins/jatl-0.2.2.jar
7ff90e1b1000-7ff90e1b3000 r--s 0000f000 00:1d 18482840                   /home/tim/android-studio/gradle/gradle-2.4/lib/plugins/gradle-reporting-2.4.jar
7ff90e1b3000-7ff90e1b8000 r--s 00036000 00:1d 18482870                   /home/tim/android-studio/gradle/gradle-2.4/lib/plugins/gradle-diagnostics-2.4.jar
7ff90e1b8000-7ff90e1bf000 r--s 00094000 00:1d 18482820                   /home/tim/android-studio/gradle/gradle-2.4/lib/plugins/gradle-build-comparison-2.4.jar
7ff90e1bf000-7ff90e1c6000 r--s 00035000 00:1d 18482879                   /home/tim/android-studio/gradle/gradle-2.4/lib/plugins/simple-4.1.21.jar
7ff90e1c6000-7ff90e1d2000 r--s 00100000 00:1d 18482913                   /home/tim/android-studio/gradle/gradle-2.4/lib/plugins/rhino-1.7R3.jar
7ff90e1d2000-7ff90e1d7000 r--s 0001f000 00:1d 18482839                   /home/tim/android-studio/gradle/gradle-2.4/lib/plugins/gradle-javascript-2.4.jar
7ff90e1d7000-7ff90e1d9000 r--s 0000e000 00:1d 18482826                   /home/tim/android-studio/gradle/gradle-2.4/lib/plugins/gradle-ear-2.4.jar
7ff90e1d9000-7ff90e1e0000 r--s 00038000 00:1d 18482866                   /home/tim/android-studio/gradle/gradle-2.4/lib/plugins/bcpg-jdk15on-1.51.jar
7ff90e1e0000-7ff90e1e3000 r--s 0001d000 00:1d 18482838                   /home/tim/android-studio/gradle/gradle-2.4/lib/plugins/gradle-signing-2.4.jar
7ff90e1e3000-7ff90e1e4000 r--s 00002000 00:1d 18482808                   /home/tim/android-studio/gradle/gradle-2.4/lib/plugins/sonar-batch-bootstrapper-2.9.jar
7ff90e1e4000-7ff90e1e7000 r--s 00019000 00:1d 18482836                   /home/tim/android-studio/gradle/gradle-2.4/lib/plugins/gradle-sonar-2.4.jar
7ff90e1e7000-7ff90e1e9000 r--s 00013000 00:1d 18482888                   /home/tim/android-studio/gradle/gradle-2.4/lib/plugins/gradle-scala-2.4.jar
7ff90e1e9000-7ff90e1ea000 r--s 0000e000 00:1d 18482831                   /home/tim/android-studio/gradle/gradle-2.4/lib/plugins/gradle-announce-2.4.jar
7ff90e1ea000-7ff90e1f7000 r--s 000b9000 00:1d 18482883                   /home/tim/android-studio/gradle/gradle-2.4/lib/plugins/gradle-ide-2.4.jar
7ff90e1f7000-7ff90e1f9000 r--s 00000000 00:1d 18482906                   /home/tim/android-studio/gradle/gradle-2.4/lib/plugins/plexus-component-annotations-1.5.2.jar
7ff90e1f9000-7ff90e1fc000 r--s 0000c000 00:1d 18482861                   /home/tim/android-studio/gradle/gradle-2.4/lib/plugins/pmaven-groovy-0.8-20100325.jar
7ff90e1fc000-7ff90e1fd000 r--s 00004000 00:1d 18482884                   /home/tim/android-studio/gradle/gradle-2.4/lib/plugins/pmaven-common-0.8-20100325.jar
7ff90e1fd000-7ff90e1ff000 r--s 0000b000 00:1d 18482812                   /home/tim/android-studio/gradle/gradle-2.4/lib/plugins/wagon-provider-api-1.0-beta-6.jar
7ff90e1ff000-7ff90e200000 r--s 00003000 00:1d 18482886                   /home/tim/android-studio/gradle/gradle-2.4/lib/plugins/wagon-http-lightweight-1.0-beta-6.jar
7ff90e200000-7ff90e201000 r--s 00002000 00:1d 18482891                   /home/tim/android-studio/gradle/gradle-2.4/lib/plugins/wagon-file-1.0-beta-6.jar
7ff90e201000-7ff90e202000 r--s 0000b000 00:1d 18482882                   /home/tim/android-studio/gradle/gradle-2.4/lib/plugins/maven-settings-2.2.1.jar
7ff90e202000-7ff90e204000 r--s 00002000 00:1d 18482928                   /home/tim/android-studio/gradle/gradle-2.4/lib/plugins/maven-error-diagnostics-2.2.1.jar
7ff90e204000-7ff90e208000 r--s 00023000 00:1d 18482823                   /home/tim/android-studio/gradle/gradle-2.4/lib/plugins/maven-project-2.2.1.jar
7ff90e208000-7ff90e20a000 r--s 00014000 00:1d 18482867                   /home/tim/android-studio/gradle/gradle-2.4/lib/plugins/maven-model-2.2.1.jar
7ff90e20a000-7ff90e20c000 r--s 00005000 00:1d 18482878                   /home/tim/android-studio/gradle/gradle-2.4/lib/plugins/maven-repository-metadata-2.2.1.jar
7ff90e20c000-7ff90e20e000 r--s 0000f000 00:1d 18482877                   /home/tim/android-studio/gradle/gradle-2.4/lib/plugins/maven-artifact-manager-2.2.1.jar
7ff90e20e000-7ff90e211000 r--s 00011000 00:1d 18482843                   /home/tim/android-studio/gradle/gradle-2.4/lib/plugins/maven-artifact-2.2.1.jar
7ff90e211000-7ff90e213000 r--s 0000b000 00:1d 18482857                   /home/tim/android-studio/gradle/gradle-2.4/lib/plugins/plexus-interpolation-1.11.jar
7ff90e213000-7ff90e217000 r--s 00034000 00:1d 18482849                   /home/tim/android-studio/gradle/gradle-2.4/lib/plugins/plexus-utils-1.5.15.jar
7ff90e217000-7ff90e21e000 r--s 00029000 00:1d 18482854                   /home/tim/android-studio/gradle/gradle-2.4/lib/plugins/plexus-container-default-1.0-alpha-9-stable-1.jar
7ff90e21e000-7ff90e220000 r--s 00008000 00:1d 18482922                   /home/tim/android-studio/gradle/gradle-2.4/lib/plugins/classworlds-1.1-alpha-2.jar
7ff90e220000-7ff90e225000 r--s 00023000 00:1d 18482821                   /home/tim/android-studio/gradle/gradle-2.4/lib/plugins/gradle-maven-2.4.jar
7ff90e225000-7ff90e23d000 r--s 0013b000 00:1d 18482916                   /home/tim/android-studio/gradle/gradle-2.4/lib/plugins/bndlib-2.1.0.jar
7ff90e23d000-7ff90e23f000 r--s 00004000 00:1d 18482905                   /home/tim/android-studio/gradle/gradle-2.4/lib/plugins/gradle-osgi-2.4.jar
7ff90e23f000-7ff90e241000 r--s 00007000 00:1d 18482925                   /home/tim/android-studio/gradle/gradle-2.4/lib/plugins/gradle-antlr-2.4.jar
7ff90e241000-7ff90e244000 r--s 0001e000 00:1d 18482874                   /home/tim/android-studio/gradle/gradle-2.4/lib/plugins/jsp-api-2.1-6.1.14.jar
7ff90e244000-7ff90e267000 r--s 00344000 00:1d 18482907                   /home/tim/android-studio/gradle/gradle-2.4/lib/plugins/core-3.1.1.jar
7ff90e267000-7ff90e268000 r--s 00006000 00:1d 18482931                   /home/tim/android-studio/gradle/gradle-2.4/lib/plugins/jetty-naming-6.1.25.jar
7ff90e268000-7ff90e269000 r--s 00002000 00:1d 18482850                   /home/tim/android-studio/gradle/gradle-2.4/lib/plugins/geronimo-annotation_1.0_spec-1.0.jar
7ff90e269000-7ff90e26b000 r--s 00002000 00:1d 18482865                   /home/tim/android-studio/gradle/gradle-2.4/lib/plugins/jetty-annotations-6.1.25.jar
7ff90e26b000-7ff90e27c000 r--s 000ea000 00:1d 18482890                   /home/tim/android-studio/gradle/gradle-2.4/lib/plugins/jsp-2.1-6.1.14.jar
7ff90e27c000-7ff90e27e000 r--s 0000d000 00:1d 18482829                   /home/tim/android-studio/gradle/gradle-2.4/lib/plugins/jetty-plus-6.1.25.jar
7ff90e27e000-7ff90e280000 r--s 0001f000 00:1d 18482856                   /home/tim/android-studio/gradle/gradle-2.4/lib/plugins/servlet-api-2.5-20081211.jar
7ff90e280000-7ff90e284000 r--s 00028000 00:1d 18482809                   /home/tim/android-studio/gradle/gradle-2.4/lib/plugins/jetty-util-6.1.25.jar
7ff90e284000-7ff90e28b000 r--s 0007d000 00:1d 18482895                   /home/tim/android-studio/gradle/gradle-2.4/lib/plugins/jetty-6.1.25.jar
7ff90e28b000-7ff90e28d000 r--s 00009000 00:1d 18482927                   /home/tim/android-studio/gradle/gradle-2.4/lib/plugins/gradle-jetty-2.4.jar
7ff90e28d000-7ff90e293000 r--s 00041000 00:1d 18482914                   /home/tim/android-studio/gradle/gradle-2.4/lib/plugins/gradle-code-quality-2.4.jar
7ff90e293000-7ff90e295000 r--s 00009000 00:1d 18482853                   /home/tim/android-studio/gradle/gradle-2.4/lib/plugins/hamcrest-core-1.3.jar
7ff90e295000-7ff90e29b000 r--s 00033000 00:1d 18482897                   /home/tim/android-studio/gradle/gradle-2.4/lib/plugins/snakeyaml-1.6.jar
7ff90e29b000-7ff90e29d000 r--s 00006000 00:1d 18482832                   /home/tim/android-studio/gradle/gradle-2.4/lib/plugins/jcommander-1.12.jar
7ff90e29d000-7ff90e2a2000 r--s 00040000 00:1d 18482904                   /home/tim/android-studio/gradle/gradle-2.4/lib/plugins/bsh-2.0b4.jar
7ff90e2a2000-7ff90e2a4000 r--s 00009000 00:1d 18482819                   /home/tim/android-studio/gradle/gradle-2.4/lib/plugins/commons-cli-1.2.jar
7ff90e2a4000-7ff90e2ad000 r--s 00089000 00:1d 18482847                   /home/tim/android-studio/gradle/gradle-2.4/lib/plugins/testng-6.3.1.jar
7ff90e2ad000-7ff90e2b5000 r--s 00045000 00:1d 18482918                   /home/tim/android-studio/gradle/gradle-2.4/lib/plugins/junit-4.12.jar
7ff90e2b5000-7ff90e2c2000 r--s 0007a000 00:1d 18482858                   /home/tim/android-studio/gradle/gradle-2.4/lib/plugins/gradle-plugins-2.4.jar
7ff90e2c2000-7ff90e2da000 r--s 00115000 00:1d 18482887                   /home/tim/android-studio/gradle/gradle-2.4/lib/plugins/xercesImpl-2.9.1.jar
7ff90e2da000-7ff90e2e2000 r--s 00028000 00:1d 18482868                   /home/tim/android-studio/gradle/gradle-2.4/lib/plugins/xml-apis-1.3.04.jar
7ff90e2e2000-7ff90e2e8000 r--s 0005b000 00:1d 18482818                   /home/tim/android-studio/gradle/gradle-2.4/lib/plugins/jcifs-1.3.17.jar
7ff90e2e8000-7ff90e2ee000 r--s 00031000 00:1d 18482833                   /home/tim/android-studio/gradle/gradle-2.4/lib/plugins/httpcore-4.2.2.jar
7ff90e2ee000-7ff90e2f4000 r--s 00033000 00:1d 18482813                   /home/tim/android-studio/gradle/gradle-2.4/lib/plugins/commons-codec-1.6.jar
7ff90e2f4000-7ff90e2f7000 r--s 0001c000 00:1d 18482923                   /home/tim/android-studio/gradle/gradle-2.4/lib/plugins/nekohtml-1.9.14.jar
7ff90e2f7000-7ff90e300000 r--s 00060000 00:1d 18482848                   /home/tim/android-studio/gradle/gradle-2.4/lib/plugins/httpclient-4.2.2.jar
7ff90e300000-7ff90e302000 r--s 00007000 00:1d 18482837                   /home/tim/android-studio/gradle/gradle-2.4/lib/plugins/gradle-resources-http-2.4.jar
7ff90e302000-7ff90e305000 r--s 00010000 00:1d 18482912                   /home/tim/android-studio/gradle/gradle-2.4/lib/plugins/gradle-plugin-use-2.4.jar
7ff90e305000-7ff90e309000 r--s 0003d000 00:1d 18482872                   /home/tim/android-studio/gradle/gradle-2.4/lib/plugins/jsch-0.1.51.jar
7ff90e309000-7ff90e349000 r--s 00277000 00:1d 18482908                   /home/tim/android-studio/gradle/gradle-2.4/lib/plugins/bcprov-jdk15on-1.51.jar
7ff90e349000-7ff90e34d000 r--s 0001d000 00:1d 18482909                   /home/tim/android-studio/gradle/gradle-2.4/lib/plugins/xbean-reflect-3.4.jar
7ff90e34d000-7ff90e352000 r--s 0002a000 00:1d 18482917                   /home/tim/android-studio/gradle/gradle-2.4/lib/plugins/gson-2.2.4.jar
7ff90e352000-7ff90e361000 r--s 000d9000 00:1d 18482899                   /home/tim/android-studio/gradle/gradle-2.4/lib/plugins/ivy-2.2.0.jar
7ff90e361000-7ff90e365000 r--s 0001e000 00:1d 18482869                   /home/tim/android-studio/gradle/gradle-2.4/lib/plugins/jarjar-aether-impl-1.13.1.jar
7ff90e365000-7ff90e368000 r--s 00027000 00:1d 18482873                   /home/tim/android-studio/gradle/gradle-2.4/lib/plugins/jarjar-maven-model-3.0.4.jar
7ff90e368000-7ff90e36b000 r--s 0000b000 00:1d 18482863                   /home/tim/android-studio/gradle/gradle-2.4/lib/plugins/jarjar-maven-artifact-3.0.4.jar
7ff90e36b000-7ff90e36f000 r--s 0001e000 00:1d 18482841                   /home/tim/android-studio/gradle/gradle-2.4/lib/plugins/jarjar-aether-util-1.13.1.jar
7ff90e36f000-7ff90e371000 r--s 00007000 00:1d 18482920                   /home/tim/android-studio/gradle/gradle-2.4/lib/plugins/jarjar-wagon-http-shared4-2.4.jar
7ff90e371000-7ff90e37e000 r--s 00083000 00:1d 18482835                   /home/tim/android-studio/gradle/gradle-2.4/lib/plugins/jarjar-maven-core-3.0.4.jar
7ff90e37e000-7ff90e380000 r--s 00003000 00:1d 18482898                   /home/tim/android-studio/gradle/gradle-2.4/lib/plugins/jarjar-aether-spi-1.13.1.jar
7ff90e380000-7ff90e382000 r--s 00009000 00:1d 18482885                   /home/tim/android-studio/gradle/gradle-2.4/lib/plugins/jarjar-maven-settings-builder-3.0.4.jar
7ff90e382000-7ff90e386000 r--s 00014000 00:1d 18482855                   /home/tim/android-studio/gradle/gradle-2.4/lib/plugins/jarjar-aether-api-1.13.1.jar
7ff90e386000-7ff90e38d000 r--s 00042000 00:1d 18482842                   /home/tim/android-studio/gradle/gradle-2.4/lib/plugins/jarjar-maven-compat-3.0.4.jar
7ff90e38d000-7ff90e38f000 r--s 00006000 00:1d 18482862                   /home/tim/android-studio/gradle/gradle-2.4/lib/plugins/jarjar-aether-connector-wagon-1.13.1.jar
7ff90e38f000-7ff90e391000 r--s 00000000 00:1d 18482846                   /home/tim/android-studio/gradle/gradle-2.4/lib/plugins/jarjar-plexus-component-annotations-1.5.5.jar
7ff90e391000-7ff90e393000 r--s 00006000 00:1d 18482825                   /home/tim/android-studio/gradle/gradle-2.4/lib/plugins/jarjar-plexus-sec-dispatcher-1.3.jar
7ff90e393000-7ff90e398000 r--s 00022000 00:1d 18482911                   /home/tim/android-studio/gradle/gradle-2.4/lib/plugins/jarjar-maven-model-builder-3.0.4.jar
7ff90e398000-7ff90e39a000 r--s 0000b000 00:1d 18482876                   /home/tim/android-studio/gradle/gradle-2.4/lib/plugins/jarjar-maven-plugin-api-3.0.4.jar
7ff90e39a000-7ff90e39d000 r--s 0000a000 00:1d 18482822                   /home/tim/android-studio/gradle/gradle-2.4/lib/plugins/jarjar-plexus-classworlds-2.4.jar
7ff90e39d000-7ff90e3a1000 r--s 00035000 00:1d 18482921                   /home/tim/android-studio/gradle/gradle-2.4/lib/plugins/jarjar-plexus-utils-2.0.6.jar
7ff90e3a1000-7ff90e3a3000 r--s 0000e000 00:1d 18482924                   /home/tim/android-studio/gradle/gradle-2.4/lib/plugins/jarjar-plexus-interpolation-1.14.jar
7ff90e3a3000-7ff90e3a5000 r--s 00002000 00:1d 18482871                   /home/tim/android-studio/gradle/gradle-2.4/lib/plugins/jarjar-plexus-cipher-1.7.jar
7ff90e3a5000-7ff90e3ad000 r--s 00031000 00:1d 18482896                   /home/tim/android-studio/gradle/gradle-2.4/lib/plugins/jarjar-plexus-container-default-1.5.5.jar
7ff90e3ad000-7ff90e3c3000 r-xp 00000000 08:02 19402867                   /lib/x86_64-linux-gnu/libgcc_s.so.1
7ff90e3c3000-7ff90e5c2000 ---p 00016000 08:02 19402867                   /lib/x86_64-linux-gnu/libgcc_s.so.1
7ff90e5c2000-7ff90e5c3000 rw-p 00015000 08:02 19402867                   /lib/x86_64-linux-gnu/libgcc_s.so.1
7ff90e5c3000-7ff90e6a9000 r-xp 00000000 08:02 19931549                   /usr/lib/x86_64-linux-gnu/libstdc++.so.6.0.19
7ff90e6a9000-7ff90e8a8000 ---p 000e6000 08:02 19931549                   /usr/lib/x86_64-linux-gnu/libstdc++.so.6.0.19
7ff90e8a8000-7ff90e8b0000 r--p 000e5000 08:02 19931549                   /usr/lib/x86_64-linux-gnu/libstdc++.so.6.0.19
7ff90e8b0000-7ff90e8b2000 rw-p 000ed000 08:02 19931549                   /usr/lib/x86_64-linux-gnu/libstdc++.so.6.0.19
7ff90e8b2000-7ff90e8c7000 rw-p 00000000 00:00 0 
7ff90e8c7000-7ff90e8c8000 r--s 00002000 00:1d 18482910                   /home/tim/android-studio/gradle/gradle-2.4/lib/plugins/jarjar-wagon-http-2.4.jar
7ff90e8c8000-7ff90e8ca000 r--s 0000c000 00:1d 18482915                   /home/tim/android-studio/gradle/gradle-2.4/lib/plugins/jarjar-wagon-provider-api-2.4.jar
7ff90e8ca000-7ff90e8cc000 r--s 0000d000 00:1d 18482926                   /home/tim/android-studio/gradle/gradle-2.4/lib/plugins/jarjar-maven-aether-provider-3.0.4.jar
7ff90e8cc000-7ff90e8cd000 r--s 00007000 00:1d 18482875                   /home/tim/android-studio/gradle/gradle-2.4/lib/plugins/jarjar-maven-repository-metadata-3.0.4.jar
7ff90e8cd000-7ff90e8ce000 r--s 0000b000 00:1d 18482892                   /home/tim/android-studio/gradle/gradle-2.4/lib/plugins/jarjar-maven-settings-3.0.4.jar
7ff90e8ce000-7ff90e8e8000 r--s 000c0000 00:1d 18482814                   /home/tim/android-studio/gradle/gradle-2.4/lib/plugins/gradle-dependency-management-2.4.jar
7ff90e8e8000-7ff90e8ec000 r-xp 00000000 00:1d 18613461                   /home/tim/.gradle/native/19/linux-amd64/libnative-platform.so
7ff90e8ec000-7ff90eaeb000 ---p 00004000 00:1d 18613461                   /home/tim/.gradle/native/19/linux-amd64/libnative-platform.so
7ff90eaeb000-7ff90eaec000 rw-p 00003000 00:1d 18613461                   /home/tim/.gradle/native/19/linux-amd64/libnative-platform.so
7ff90eaec000-7ff90eafc000 r-xp 00000000 08:02 22287305                   /usr/lib/jvm/jdk1.7.0_79/jre/lib/amd64/libnio.so
7ff90eafc000-7ff90ecfc000 ---p 00010000 08:02 22287305                   /usr/lib/jvm/jdk1.7.0_79/jre/lib/amd64/libnio.so
7ff90ecfc000-7ff90ecfd000 rw-p 00010000 08:02 22287305                   /usr/lib/jvm/jdk1.7.0_79/jre/lib/amd64/libnio.so
7ff90ecfd000-7ff90ed2e000 rw-p 00000000 00:00 0 
7ff90ed2e000-7ff90ed44000 r-xp 00000000 08:02 22287339                   /usr/lib/jvm/jdk1.7.0_79/jre/lib/amd64/libnet.so
7ff90ed44000-7ff90ef44000 ---p 00016000 08:02 22287339                   /usr/lib/jvm/jdk1.7.0_79/jre/lib/amd64/libnet.so
7ff90ef44000-7ff90ef45000 rw-p 00016000 08:02 22287339                   /usr/lib/jvm/jdk1.7.0_79/jre/lib/amd64/libnet.so
7ff90ef45000-7ff90ef47000 r--s 00005000 00:1d 18482938                   /home/tim/android-studio/gradle/gradle-2.4/lib/gradle-wrapper-2.4.jar
7ff90ef47000-7ff90ef51000 r--s 00032000 00:1d 18482773                   /home/tim/android-studio/gradle/gradle-2.4/lib/gradle-tooling-api-2.4.jar
7ff90ef51000-7ff90ef53000 r--s 00002000 00:1d 18482777                   /home/tim/android-studio/gradle/gradle-2.4/lib/gradle-open-api-2.4.jar
7ff90ef53000-7ff90ef59000 r--s 00032000 00:1d 18482794                   /home/tim/android-studio/gradle/gradle-2.4/lib/jaxen-1.1.jar
7ff90ef59000-7ff90ef5e000 r--s 00048000 00:1d 18482770                   /home/tim/android-studio/gradle/gradle-2.4/lib/dom4j-1.6.1.jar
7ff90ef5e000-7ff90ef69000 r--s 00059000 00:1d 18482775                   /home/tim/android-studio/gradle/gradle-2.4/lib/gradle-ui-2.4.jar
7ff90ef69000-7ff90ef6b000 r--s 00008000 00:1d 18482782                   /home/tim/android-studio/gradle/gradle-2.4/lib/gradle-resources-2.4.jar
7ff90ef6b000-7ff90ef6d000 r--s 00007000 00:1d 18482796                   /home/tim/android-studio/gradle/gradle-2.4/lib/objenesis-1.2.jar
7ff90ef6d000-7ff90ef6f000 r--s 00000000 00:1d 18482797                   /home/tim/android-studio/gradle/gradle-2.4/lib/minlog-1.2.jar
7ff90ef6f000-7ff90ef71000 r--s 0000f000 00:1d 18482800                   /home/tim/android-studio/gradle/gradle-2.4/lib/reflectasm-1.07-shaded.jar
7ff90ef71000-7ff90ef75000 r--s 00026000 00:1d 18482933                   /home/tim/android-studio/gradle/gradle-2.4/lib/kryo-2.20.jar
7ff90ef75000-7ff90ef7e000 r--s 0003c000 00:1d 18482784                   /home/tim/android-studio/gradle/gradle-2.4/lib/gradle-messaging-2.4.jar
7ff90ef7e000-7ff90ef7f000 r--s 00003000 00:1d 18482803                   /home/tim/android-studio/gradle/gradle-2.4/lib/native-platform-freebsd-amd64-0.10.jar
7ff90ef7f000-7ff90ef80000 r--s 00003000 00:1d 18482789                   /home/tim/android-studio/gradle/gradle-2.4/lib/native-platform-freebsd-i386-0.10.jar
7ff90ef80000-7ff90ef81000 r--s 00005000 00:1d 18482792                   /home/tim/android-studio/gradle/gradle-2.4/lib/native-platform-windows-i386-0.10.jar
7ff90ef81000-7ff90efed000 r--s 00689000 00:1d 18482936                   /home/tim/android-studio/gradle/gradle-2.4/lib/groovy-all-2.3.10.jar
7ff90efed000-7ff90f015000 r--s 001cf000 00:1d 18482779                   /home/tim/android-studio/gradle/gradle-2.4/lib/guava-jdk5-17.0.jar
7ff90f015000-7ff90f016000 ---p 00000000 00:00 0 
7ff90f016000-7ff90f116000 rw-p 00000000 00:00 0                          [stack:3830]
7ff90f116000-7ff90f119000 ---p 00000000 00:00 0 
7ff90f119000-7ff90f217000 rw-p 00000000 00:00 0                          [stack:3829]
7ff90f217000-7ff90f21a000 ---p 00000000 00:00 0 
7ff90f21a000-7ff90f318000 rw-p 00000000 00:00 0                          [stack:3828]
7ff90f318000-7ff90f31b000 ---p 00000000 00:00 0 
7ff90f31b000-7ff90f419000 rw-p 00000000 00:00 0                          [stack:3826]
7ff90f419000-7ff90f41c000 ---p 00000000 00:00 0 
7ff90f41c000-7ff90f51a000 rw-p 00000000 00:00 0                          [stack:3824]
7ff90f51a000-7ff90fbfc000 r--p 00000000 08:02 19929655                   /usr/lib/locale/locale-archive
7ff90fbfc000-7ff90fbff000 ---p 00000000 00:00 0 
7ff90fbff000-7ff90fcfd000 rw-p 00000000 00:00 0                          [stack:3823]
7ff90fcfd000-7ff90fd00000 ---p 00000000 00:00 0 
7ff90fd00000-7ff90fdfe000 rw-p 00000000 00:00 0                          [stack:3822]
7ff90fdfe000-7ff90fdff000 ---p 00000000 00:00 0 
7ff90fdff000-7ff910000000 rw-p 00000000 00:00 0                          [stack:3821]
7ff910000000-7ff910021000 rw-p 00000000 00:00 0 
7ff910021000-7ff914000000 ---p 00000000 00:00 0 
7ff914000000-7ff914001000 r--s 00005000 00:1d 18482767                   /home/tim/android-studio/gradle/gradle-2.4/lib/native-platform-windows-amd64-0.10.jar
7ff914001000-7ff914002000 r--s 00003000 00:1d 18482769                   /home/tim/android-studio/gradle/gradle-2.4/lib/native-platform-linux-i386-0.10.jar
7ff914002000-7ff914003000 r--s 00003000 00:1d 18482774                   /home/tim/android-studio/gradle/gradle-2.4/lib/native-platform-linux-amd64-0.10.jar
7ff914003000-7ff914004000 r--s 00002000 00:1d 18482934                   /home/tim/android-studio/gradle/gradle-2.4/lib/native-platform-osx-amd64-0.10.jar
7ff914004000-7ff914005000 r--s 00002000 00:1d 18482787                   /home/tim/android-studio/gradle/gradle-2.4/lib/native-platform-osx-i386-0.10.jar
7ff914005000-7ff914007000 r--s 00008000 00:1d 18482786                   /home/tim/android-studio/gradle/gradle-2.4/lib/jansi-1.2.1.jar
7ff914007000-7ff91400a000 r--s 0000d000 00:1d 18482798                   /home/tim/android-studio/gradle/gradle-2.4/lib/native-platform-0.10.jar
7ff91400a000-7ff91400e000 r--s 000e4000 00:1d 18482768                   /home/tim/android-studio/gradle/gradle-2.4/lib/jna-3.2.7.jar
7ff91400e000-7ff914010000 r--s 00008000 00:1d 18482802                   /home/tim/android-studio/gradle/gradle-2.4/lib/gradle-native-2.4.jar
7ff914010000-7ff914018000 r--s 00040000 00:1d 18482793                   /home/tim/android-studio/gradle/gradle-2.4/lib/gradle-model-core-2.4.jar
7ff914018000-7ff914036000 r--s 001cf000 00:1d 18482937                   /home/tim/android-studio/gradle/gradle-2.4/lib/ant-1.9.4.jar
7ff914036000-7ff91406a000 r--s 001a4000 00:1d 18482781                   /home/tim/android-studio/gradle/gradle-2.4/lib/gradle-core-2.4.jar
7ff91406a000-7ff914f68000 rw-p 00000000 00:00 0 
7ff914f68000-7ff915128000 r--s 039f7000 08:02 22157463                   /usr/lib/jvm/jdk1.7.0_79/jre/lib/rt.jar
7ff915128000-7ff917c79000 rw-p 00000000 00:00 0 
7ff917c79000-7ff917c7a000 ---p 00000000 00:00 0 
7ff917c7a000-7ff917d7a000 rw-p 00000000 00:00 0                          [stack:3820]
7ff917d7a000-7ff917d7b000 ---p 00000000 00:00 0 
7ff917d7b000-7ff917e7b000 rw-p 00000000 00:00 0                          [stack:3812]
7ff917e7b000-7ff917e7c000 ---p 00000000 00:00 0 
7ff917e7c000-7ff917f7c000 rw-p 00000000 00:00 0                          [stack:3811]
7ff917f7c000-7ff917f7d000 ---p 00000000 00:00 0 
7ff917f7d000-7ff918088000 rw-p 00000000 00:00 0                          [stack:3809]
7ff918088000-7ff9180fd000 rw-p 00000000 00:00 0 
7ff9180fd000-7ff918108000 rw-p 00000000 00:00 0 
7ff918108000-7ff91817d000 rw-p 00000000 00:00 0 
7ff91817d000-7ff9181a6000 rw-p 00000000 00:00 0 
7ff9181a6000-7ff9182d2000 rw-p 00000000 00:00 0 
7ff9182d2000-7ff9182f7000 rw-p 00000000 00:00 0 
7ff9182f7000-7ff91837d000 rw-p 00000000 00:00 0 
7ff91837d000-7ff91837e000 rw-p 00000000 00:00 0 
7ff91837e000-7ff9185ee000 rwxp 00000000 00:00 0 
7ff9185ee000-7ff91b37e000 rw-p 00000000 00:00 0 
7ff91b37e000-7ff91b398000 r-xp 00000000 08:02 22287334                   /usr/lib/jvm/jdk1.7.0_79/jre/lib/amd64/libzip.so
7ff91b398000-7ff91b598000 ---p 0001a000 08:02 22287334                   /usr/lib/jvm/jdk1.7.0_79/jre/lib/amd64/libzip.so
7ff91b598000-7ff91b599000 rw-p 0001a000 08:02 22287334                   /usr/lib/jvm/jdk1.7.0_79/jre/lib/amd64/libzip.so
7ff91b599000-7ff91b5a4000 r-xp 00000000 08:02 19402915                   /lib/x86_64-linux-gnu/libnss_files-2.19.so
7ff91b5a4000-7ff91b7a3000 ---p 0000b000 08:02 19402915                   /lib/x86_64-linux-gnu/libnss_files-2.19.so
7ff91b7a3000-7ff91b7a4000 r--p 0000a000 08:02 19402915                   /lib/x86_64-linux-gnu/libnss_files-2.19.so
7ff91b7a4000-7ff91b7a5000 rw-p 0000b000 08:02 19402915                   /lib/x86_64-linux-gnu/libnss_files-2.19.so
7ff91b7a5000-7ff91b7b0000 r-xp 00000000 08:02 19402925                   /lib/x86_64-linux-gnu/libnss_nis-2.19.so
7ff91b7b0000-7ff91b9af000 ---p 0000b000 08:02 19402925                   /lib/x86_64-linux-gnu/libnss_nis-2.19.so
7ff91b9af000-7ff91b9b0000 r--p 0000a000 08:02 19402925                   /lib/x86_64-linux-gnu/libnss_nis-2.19.so
7ff91b9b0000-7ff91b9b1000 rw-p 0000b000 08:02 19402925                   /lib/x86_64-linux-gnu/libnss_nis-2.19.so
7ff91b9b1000-7ff91b9c8000 r-xp 00000000 08:02 19402909                   /lib/x86_64-linux-gnu/libnsl-2.19.so
7ff91b9c8000-7ff91bbc7000 ---p 00017000 08:02 19402909                   /lib/x86_64-linux-gnu/libnsl-2.19.so
7ff91bbc7000-7ff91bbc8000 r--p 00016000 08:02 19402909                   /lib/x86_64-linux-gnu/libnsl-2.19.so
7ff91bbc8000-7ff91bbc9000 rw-p 00017000 08:02 19402909                   /lib/x86_64-linux-gnu/libnsl-2.19.so
7ff91bbc9000-7ff91bbcb000 rw-p 00000000 00:00 0 
7ff91bbcb000-7ff91bbd4000 r-xp 00000000 08:02 19402911                   /lib/x86_64-linux-gnu/libnss_compat-2.19.so
7ff91bbd4000-7ff91bdd3000 ---p 00009000 08:02 19402911                   /lib/x86_64-linux-gnu/libnss_compat-2.19.so
7ff91bdd3000-7ff91bdd4000 r--p 00008000 08:02 19402911                   /lib/x86_64-linux-gnu/libnss_compat-2.19.so
7ff91bdd4000-7ff91bdd5000 rw-p 00009000 08:02 19402911                   /lib/x86_64-linux-gnu/libnss_compat-2.19.so
7ff91bdd5000-7ff91bdfe000 r-xp 00000000 08:02 22287300                   /usr/lib/jvm/jdk1.7.0_79/jre/lib/amd64/libjava.so
7ff91bdfe000-7ff91bffe000 ---p 00029000 08:02 22287300                   /usr/lib/jvm/jdk1.7.0_79/jre/lib/amd64/libjava.so
7ff91bffe000-7ff91c000000 rw-p 00029000 08:02 22287300                   /usr/lib/jvm/jdk1.7.0_79/jre/lib/amd64/libjava.so
7ff91c000000-7ff91c769000 rw-p 00000000 00:00 0 
7ff91c769000-7ff920000000 ---p 00000000 00:00 0 
7ff920000000-7ff920002000 r--s 00005000 00:1d 18482788                   /home/tim/android-studio/gradle/gradle-2.4/lib/gradle-cli-2.4.jar
7ff920002000-7ff920004000 r--s 00005000 00:1d 18482772                   /home/tim/android-studio/gradle/gradle-2.4/lib/gradle-model-groovy-2.4.jar
7ff920004000-7ff920005000 r--s 00004000 00:1d 18482805                   /home/tim/android-studio/gradle/gradle-2.4/lib/gradle-base-services-groovy-2.4.jar
7ff920005000-7ff920006000 r--s 00000000 00:1d 18482780                   /home/tim/android-studio/gradle/gradle-2.4/lib/gradle-docs-2.4.jar
7ff920006000-7ff920008000 r--s 00003000 00:1d 18482778                   /home/tim/android-studio/gradle/gradle-2.4/lib/jcl-over-slf4j-1.7.10.jar
7ff920008000-7ff920009000 r--s 00005000 00:1d 18482935                   /home/tim/android-studio/gradle/gradle-2.4/lib/log4j-over-slf4j-1.7.10.jar
7ff920009000-7ff92000a000 r--s 00000000 00:1d 18482791                   /home/tim/android-studio/gradle/gradle-2.4/lib/javax.inject-1.jar
7ff92000a000-7ff92000d000 r--s 0001b000 00:1d 18482776                   /home/tim/android-studio/gradle/gradle-2.4/lib/jarjar-1.3.jar
7ff92000d000-7ff92000f000 r--s 00000000 00:1d 18482932                   /home/tim/android-studio/gradle/gradle-2.4/lib/jul-to-slf4j-1.7.10.jar
7ff92000f000-7ff920079000 rw-p 00000000 00:00 0 
7ff920079000-7ff9201a6000 rw-p 00000000 00:00 0 
7ff9201a6000-7ff9201b3000 r-xp 00000000 08:02 22287327                   /usr/lib/jvm/jdk1.7.0_79/jre/lib/amd64/libverify.so
7ff9201b3000-7ff9203b2000 ---p 0000d000 08:02 22287327                   /usr/lib/jvm/jdk1.7.0_79/jre/lib/amd64/libverify.so
7ff9203b2000-7ff9203b4000 rw-p 0000c000 08:02 22287327                   /usr/lib/jvm/jdk1.7.0_79/jre/lib/amd64/libverify.so
7ff9203b4000-7ff9203bb000 r-xp 00000000 08:02 19402968                   /lib/x86_64-linux-gnu/librt-2.19.so
7ff9203bb000-7ff9205ba000 ---p 00007000 08:02 19402968                   /lib/x86_64-linux-gnu/librt-2.19.so
7ff9205ba000-7ff9205bb000 r--p 00006000 08:02 19402968                   /lib/x86_64-linux-gnu/librt-2.19.so
7ff9205bb000-7ff9205bc000 rw-p 00007000 08:02 19402968                   /lib/x86_64-linux-gnu/librt-2.19.so
7ff9205bc000-7ff9206c1000 r-xp 00000000 08:02 19402890                   /lib/x86_64-linux-gnu/libm-2.19.so
7ff9206c1000-7ff9208c0000 ---p 00105000 08:02 19402890                   /lib/x86_64-linux-gnu/libm-2.19.so
7ff9208c0000-7ff9208c1000 r--p 00104000 08:02 19402890                   /lib/x86_64-linux-gnu/libm-2.19.so
7ff9208c1000-7ff9208c2000 rw-p 00105000 08:02 19402890                   /lib/x86_64-linux-gnu/libm-2.19.so
7ff9208c2000-7ff921437000 r-xp 00000000 08:02 22287354                   /usr/lib/jvm/jdk1.7.0_79/jre/lib/amd64/server/libjvm.so
7ff921437000-7ff921637000 ---p 00b75000 08:02 22287354                   /usr/lib/jvm/jdk1.7.0_79/jre/lib/amd64/server/libjvm.so
7ff921637000-7ff9216fb000 rw-p 00b75000 08:02 22287354                   /usr/lib/jvm/jdk1.7.0_79/jre/lib/amd64/server/libjvm.so
7ff9216fb000-7ff92173c000 rw-p 00000000 00:00 0 
7ff92173c000-7ff9218f7000 r-xp 00000000 08:02 19402840                   /lib/x86_64-linux-gnu/libc-2.19.so
7ff9218f7000-7ff921af6000 ---p 001bb000 08:02 19402840                   /lib/x86_64-linux-gnu/libc-2.19.so
7ff921af6000-7ff921afa000 r--p 001ba000 08:02 19402840                   /lib/x86_64-linux-gnu/libc-2.19.so
7ff921afa000-7ff921afc000 rw-p 001be000 08:02 19402840                   /lib/x86_64-linux-gnu/libc-2.19.so
7ff921afc000-7ff921b01000 rw-p 00000000 00:00 0 
7ff921b01000-7ff921b04000 r-xp 00000000 08:02 19402857                   /lib/x86_64-linux-gnu/libdl-2.19.so
7ff921b04000-7ff921d03000 ---p 00003000 08:02 19402857                   /lib/x86_64-linux-gnu/libdl-2.19.so
7ff921d03000-7ff921d04000 r--p 00002000 08:02 19402857                   /lib/x86_64-linux-gnu/libdl-2.19.so
7ff921d04000-7ff921d05000 rw-p 00003000 08:02 19402857                   /lib/x86_64-linux-gnu/libdl-2.19.so
7ff921d05000-7ff921d1b000 r-xp 00000000 08:02 22287999                   /usr/lib/jvm/jdk1.7.0_79/lib/amd64/jli/libjli.so
7ff921d1b000-7ff921f1b000 ---p 00016000 08:02 22287999                   /usr/lib/jvm/jdk1.7.0_79/lib/amd64/jli/libjli.so
7ff921f1b000-7ff921f1c000 rw-p 00016000 08:02 22287999                   /usr/lib/jvm/jdk1.7.0_79/lib/amd64/jli/libjli.so
7ff921f1c000-7ff921f35000 r-xp 00000000 08:02 19402960                   /lib/x86_64-linux-gnu/libpthread-2.19.so
7ff921f35000-7ff922134000 ---p 00019000 08:02 19402960                   /lib/x86_64-linux-gnu/libpthread-2.19.so
7ff922134000-7ff922135000 r--p 00018000 08:02 19402960                   /lib/x86_64-linux-gnu/libpthread-2.19.so
7ff922135000-7ff922136000 rw-p 00019000 08:02 19402960                   /lib/x86_64-linux-gnu/libpthread-2.19.so
7ff922136000-7ff92213a000 rw-p 00000000 00:00 0 
7ff92213a000-7ff92215d000 r-xp 00000000 08:02 19402816                   /lib/x86_64-linux-gnu/ld-2.19.so
7ff92215d000-7ff92215e000 r--s 00000000 00:1d 18482785                   /home/tim/android-studio/gradle/gradle-2.4/lib/jcip-annotations-1.0.jar
7ff92215e000-7ff922161000 r--s 00018000 00:1d 18482804                   /home/tim/android-studio/gradle/gradle-2.4/lib/commons-io-1.4.jar
7ff922161000-7ff92216f000 r--s 0007f000 00:1d 18482799                   /home/tim/android-studio/gradle/gradle-2.4/lib/commons-collections-3.2.1.jar
7ff92216f000-7ff922174000 r--s 00036000 00:1d 18482790                   /home/tim/android-studio/gradle/gradle-2.4/lib/asm-all-5.0.3.jar
7ff922174000-7ff92217e000 rw-p 00000000 00:00 0 
7ff92217e000-7ff922234000 rw-p 00000000 00:00 0 
7ff922234000-7ff922237000 ---p 00000000 00:00 0 
7ff922237000-7ff922339000 rw-p 00000000 00:00 0                          [stack:3808]
7ff922339000-7ff92233e000 r--s 00041000 00:1d 18482771                   /home/tim/android-studio/gradle/gradle-2.4/lib/commons-lang-2.6.jar
7ff92233e000-7ff92233f000 r--s 00007000 00:1d 18482766                   /home/tim/android-studio/gradle/gradle-2.4/lib/slf4j-api-1.7.10.jar
7ff92233f000-7ff922340000 r--s 00004000 00:1d 18482783                   /home/tim/android-studio/gradle/gradle-2.4/lib/ant-launcher-1.9.4.jar
7ff922340000-7ff922347000 r--s 00030000 00:1d 18482795                   /home/tim/android-studio/gradle/gradle-2.4/lib/gradle-base-services-2.4.jar
7ff922347000-7ff922350000 r--s 00040000 00:1d 18482801                   /home/tim/android-studio/gradle/gradle-2.4/lib/gradle-launcher-2.4.jar
7ff922350000-7ff922358000 rw-s 00000000 08:02 15073431                   /tmp/hsperfdata_tim/3801
7ff922358000-7ff922359000 rw-p 00000000 00:00 0 
7ff922359000-7ff92235a000 ---p 00000000 00:00 0 
7ff92235a000-7ff92235c000 rw-p 00000000 00:00 0 
7ff92235c000-7ff92235d000 r--p 00022000 08:02 19402816                   /lib/x86_64-linux-gnu/ld-2.19.so
7ff92235d000-7ff92235e000 rw-p 00023000 08:02 19402816                   /lib/x86_64-linux-gnu/ld-2.19.so
7ff92235e000-7ff92235f000 rw-p 00000000 00:00 0 
7ffca4537000-7ffca4558000 rw-p 00000000 00:00 0                          [stack]
7ffca458c000-7ffca458e000 r--p 00000000 00:00 0                          [vvar]
7ffca458e000-7ffca4590000 r-xp 00000000 00:00 0                          [vdso]
ffffffffff600000-ffffffffff601000 r-xp 00000000 00:00 0                  [vsyscall]

VM Arguments:
jvm_args: -XX:MaxPermSize=256m -XX:+HeapDumpOnOutOfMemoryError -Xmx1024m -Dfile.encoding=UTF-8 -Duser.country=GB -Duser.language=en -Duser.variant 
java_command: org.gradle.launcher.daemon.bootstrap.GradleDaemon 2.4 /home/tim/.gradle /home/tim/.gradle/daemon 10800000 9224e4ee-d8bb-4406-9832-54b37d0519bf -XX:MaxPermSize=256m -XX:+HeapDumpOnOutOfMemoryError -Xmx1024m -Dfile.encoding=UTF-8 -Duser.country=GB -Duser.language=en -Duser.variant
Launcher Type: SUN_STANDARD

Environment Variables:
PATH=/home/tim/bin:/usr/local/sbin:/usr/local/bin:/usr/sbin:/usr/bin:/sbin:/bin:/usr/games:/usr/local/games
SHELL=/bin/bash
DISPLAY=:0

Signal Handlers:
SIGSEGV: [libjvm.so+0x9a3bf0], sa_mask[0]=0x7ffbfeff, sa_flags=0x10000004
SIGBUS: [libjvm.so+0x9a3bf0], sa_mask[0]=0x7ffbfeff, sa_flags=0x10000004
SIGFPE: [libjvm.so+0x81cb60], sa_mask[0]=0x7ffbfeff, sa_flags=0x10000004
SIGPIPE: [libjvm.so+0x81cb60], sa_mask[0]=0x7ffbfeff, sa_flags=0x10000004
SIGXFSZ: [libjvm.so+0x81cb60], sa_mask[0]=0x7ffbfeff, sa_flags=0x10000004
SIGILL: [libjvm.so+0x81cb60], sa_mask[0]=0x7ffbfeff, sa_flags=0x10000004
SIGUSR1: SIG_DFL, sa_mask[0]=0x00000000, sa_flags=0x00000000
SIGUSR2: [libjvm.so+0x81e360], sa_mask[0]=0x00000004, sa_flags=0x10000004
SIGHUP: [libjvm.so+0x81f480], sa_mask[0]=0x7ffbfeff, sa_flags=0x10000004
SIGINT: [libjvm.so+0x81f480], sa_mask[0]=0x7ffbfeff, sa_flags=0x10000004
SIGTERM: [libjvm.so+0x81f480], sa_mask[0]=0x7ffbfeff, sa_flags=0x10000004
SIGQUIT: [libjvm.so+0x81f480], sa_mask[0]=0x7ffbfeff, sa_flags=0x10000004


---------------  S Y S T E M  ---------------

OS:jessie/sid

uname:Linux 3.19.0-39-generic #44~14.04.1-Ubuntu SMP Wed Dec 2 10:00:35 UTC 2015 x86_64
libc:glibc 2.19 NPTL 2.19 
rlimit: STACK 8192k, CORE 0k, NPROC 31232, NOFILE 4096, AS infinity
load average:22.30 9.25 4.75

/proc/meminfo:
MemTotal:        8097236 kB
MemFree:          132592 kB
MemAvailable:      83252 kB
Buffers:             324 kB
Cached:           740444 kB
SwapCached:            0 kB
Active:          6994436 kB
Inactive:         684404 kB
Active(anon):    6992460 kB
Inactive(anon):   664996 kB
Active(file):       1976 kB
Inactive(file):    19408 kB
Unevictable:         904 kB
Mlocked:             904 kB
SwapTotal:             0 kB
SwapFree:              0 kB
Dirty:               152 kB
Writeback:             0 kB
AnonPages:       6940396 kB
Mapped:           411460 kB
Shmem:            717964 kB
Slab:             114572 kB
SReclaimable:      48876 kB
SUnreclaim:        65696 kB
KernelStack:       16016 kB
PageTables:        83772 kB
NFS_Unstable:          0 kB
Bounce:                0 kB
WritebackTmp:          0 kB
CommitLimit:     4048616 kB
Committed_AS:   18031628 kB
VmallocTotal:   34359738367 kB
VmallocUsed:      555900 kB
VmallocChunk:   34359089736 kB
HardwareCorrupted:     0 kB
AnonHugePages:   2836480 kB
CmaTotal:              0 kB
CmaFree:               0 kB
HugePages_Total:       0
HugePages_Free:        0
HugePages_Rsvd:        0
HugePages_Surp:        0
Hugepagesize:       2048 kB
DirectMap4k:      263936 kB
DirectMap2M:     8046592 kB
DirectMap1G:     1048576 kB


CPU:total 4 (2 cores per cpu, 2 threads per core) family 6 model 69 stepping 1, cmov, cx8, fxsr, mmx, sse, sse2, sse3, ssse3, sse4.1, sse4.2, popcnt, avx, avx2, aes, erms, ht, tsc, tscinvbit

/proc/cpuinfo:
processor	: 0
vendor_id	: GenuineIntel
cpu family	: 6
model		: 69
model name	: Intel(R) Core(TM) i5-4210U CPU @ 1.70GHz
stepping	: 1
microcode	: 0x17
cpu MHz		: 2406.750
cache size	: 3072 KB
physical id	: 0
siblings	: 4
core id		: 0
cpu cores	: 2
apicid		: 0
initial apicid	: 0
fpu		: yes
fpu_exception	: yes
cpuid level	: 13
wp		: yes
flags		: fpu vme de pse tsc msr pae mce cx8 apic sep mtrr pge mca cmov pat pse36 clflush dts acpi mmx fxsr sse sse2 ss ht tm pbe syscall nx pdpe1gb rdtscp lm constant_tsc arch_perfmon pebs bts rep_good nopl xtopology nonstop_tsc aperfmperf eagerfpu pni pclmulqdq dtes64 monitor ds_cpl vmx est tm2 ssse3 fma cx16 xtpr pdcm pcid sse4_1 sse4_2 movbe popcnt tsc_deadline_timer aes xsave avx f16c rdrand lahf_lm abm ida arat epb pln pts dtherm tpr_shadow vnmi flexpriority ept vpid fsgsbase tsc_adjust bmi1 avx2 smep bmi2 erms invpcid xsaveopt
bugs		:
bogomips	: 4788.65
clflush size	: 64
cache_alignment	: 64
address sizes	: 39 bits physical, 48 bits virtual
power management:

processor	: 1
vendor_id	: GenuineIntel
cpu family	: 6
model		: 69
model name	: Intel(R) Core(TM) i5-4210U CPU @ 1.70GHz
stepping	: 1
microcode	: 0x17
cpu MHz		: 2376.843
cache size	: 3072 KB
physical id	: 0
siblings	: 4
core id		: 0
cpu cores	: 2
apicid		: 1
initial apicid	: 1
fpu		: yes
fpu_exception	: yes
cpuid level	: 13
wp		: yes
flags		: fpu vme de pse tsc msr pae mce cx8 apic sep mtrr pge mca cmov pat pse36 clflush dts acpi mmx fxsr sse sse2 ss ht tm pbe syscall nx pdpe1gb rdtscp lm constant_tsc arch_perfmon pebs bts rep_good nopl xtopology nonstop_tsc aperfmperf eagerfpu pni pclmulqdq dtes64 monitor ds_cpl vmx est tm2 ssse3 fma cx16 xtpr pdcm pcid sse4_1 sse4_2 movbe popcnt tsc_deadline_timer aes xsave avx f16c rdrand lahf_lm abm ida arat epb pln pts dtherm tpr_shadow vnmi flexpriority ept vpid fsgsbase tsc_adjust bmi1 avx2 smep bmi2 erms invpcid xsaveopt
bugs		:
bogomips	: 4788.65
clflush size	: 64
cache_alignment	: 64
address sizes	: 39 bits physical, 48 bits virtual
power management:

processor	: 2
vendor_id	: GenuineIntel
cpu family	: 6
model		: 69
model name	: Intel(R) Core(TM) i5-4210U CPU @ 1.70GHz
stepping	: 1
microcode	: 0x17
cpu MHz		: 2399.906
cache size	: 3072 KB
physical id	: 0
siblings	: 4
core id		: 1
cpu cores	: 2
apicid		: 2
initial apicid	: 2
fpu		: yes
fpu_exception	: yes
cpuid level	: 13
wp		: yes
flags		: fpu vme de pse tsc msr pae mce cx8 apic sep mtrr pge mca cmov pat pse36 clflush dts acpi mmx fxsr sse sse2 ss ht tm pbe syscall nx pdpe1gb rdtscp lm constant_tsc arch_perfmon pebs bts rep_good nopl xtopology nonstop_tsc aperfmperf eagerfpu pni pclmulqdq dtes64 monitor ds_cpl vmx est tm2 ssse3 fma cx16 xtpr pdcm pcid sse4_1 sse4_2 movbe popcnt tsc_deadline_timer aes xsave avx f16c rdrand lahf_lm abm ida arat epb pln pts dtherm tpr_shadow vnmi flexpriority ept vpid fsgsbase tsc_adjust bmi1 avx2 smep bmi2 erms invpcid xsaveopt
bugs		:
bogomips	: 4788.65
clflush size	: 64
cache_alignment	: 64
address sizes	: 39 bits physical, 48 bits virtual
power management:

processor	: 3
vendor_id	: GenuineIntel
cpu family	: 6
model		: 69
model name	: Intel(R) Core(TM) i5-4210U CPU @ 1.70GHz
stepping	: 1
microcode	: 0x17
cpu MHz		: 2385.468
cache size	: 3072 KB
physical id	: 0
siblings	: 4
core id		: 1
cpu cores	: 2
apicid		: 3
initial apicid	: 3
fpu		: yes
fpu_exception	: yes
cpuid level	: 13
wp		: yes
flags		: fpu vme de pse tsc msr pae mce cx8 apic sep mtrr pge mca cmov pat pse36 clflush dts acpi mmx fxsr sse sse2 ss ht tm pbe syscall nx pdpe1gb rdtscp lm constant_tsc arch_perfmon pebs bts rep_good nopl xtopology nonstop_tsc aperfmperf eagerfpu pni pclmulqdq dtes64 monitor ds_cpl vmx est tm2 ssse3 fma cx16 xtpr pdcm pcid sse4_1 sse4_2 movbe popcnt tsc_deadline_timer aes xsave avx f16c rdrand lahf_lm abm ida arat epb pln pts dtherm tpr_shadow vnmi flexpriority ept vpid fsgsbase tsc_adjust bmi1 avx2 smep bmi2 erms invpcid xsaveopt
bugs		:
bogomips	: 4788.65
clflush size	: 64
cache_alignment	: 64
address sizes	: 39 bits physical, 48 bits virtual
power management:



Memory: 4k page, physical 8097236k(134840k free), swap 0k(0k free)

vm_info: Java HotSpot(TM) 64-Bit Server VM (24.79-b02) for linux-amd64 JRE (1.7.0_79-b15), built on Apr 10 2015 11:34:48 by "java_re" with gcc 4.3.0 20080428 (Red Hat 4.3.0-8)

time: Wed Dec  9 07:05:51 2015
elapsed time: 105 seconds

